<?xml version="1.0" encoding="UTF-8"?>
<testng-results ignored="0" total="1" passed="1" failed="0" skipped="0">
  <reporter-output>
  </reporter-output>
  <suite started-at="2025-04-16T19:04:02 EDT" name="Default suite" finished-at="2025-04-16T19:04:21 EDT" duration-ms="19626">
    <groups>
    </groups>
    <test started-at="2025-04-16T19:04:02 EDT" name="Default test" finished-at="2025-04-16T19:04:21 EDT" duration-ms="19626">
      <class name="Automation.PassengerCountTest">
        <test-method is-config="true" signature="setup()[pri:0, instance:Automation.PassengerCountTest@7d20d0b]" started-at="2025-04-16T19:04:02 EDT" name="setup" finished-at="2025-04-16T19:04:16 EDT" duration-ms="14592" status="PASS">
          <reporter-output>
          </reporter-output>
        </test-method> <!-- setup -->
        <test-method signature="updatePassengerCount()[pri:0, instance:Automation.PassengerCountTest@7d20d0b]" started-at="2025-04-16T19:04:16 EDT" name="updatePassengerCount" finished-at="2025-04-16T19:04:21 EDT" duration-ms="4633" status="PASS">
          <reporter-output>
          </reporter-output>
        </test-method> <!-- updatePassengerCount -->
        <test-method is-config="true" signature="tearDown()[pri:0, instance:Automation.PassengerCountTest@7d20d0b]" started-at="2025-04-16T19:04:21 EDT" name="tearDown" finished-at="2025-04-16T19:04:21 EDT" duration-ms="363" status="PASS">
          <reporter-output>
          </reporter-output>
        </test-method> <!-- tearDown -->
      </class> <!-- Automation.PassengerCountTest -->
    </test> <!-- Default test -->
  </suite> <!-- Default suite -->
</testng-results>
